This is pdfeTeX, Version 3.141592-1.20a-rc7.2-2.2 (MiKTeX 2.4) (preloaded format=latex 2005.8.6)  12 AUG 2005 23:08
entering extended mode
**C:/Documents*and*Settings/Tom/My*Documents/LaTeX*Tutorial/Proposal/Proposal.tex
(C:/Documents and Settings/Tom/My Documents/LaTeX Tutorial/Proposal/Proposal.tex
LaTeX2e <2003/12/01>
Babel <v3.8a> and hyphenation patterns for english, french, german, ngerman, dumylang, nohyphenation, loaded.
(C:\texmf\tex\latex\base\article.cls
Document Class: article 2004/02/16 v1.4f Standard LaTeX document class
(C:\texmf\tex\latex\base\size10.clo
File: size10.clo 2004/02/16 v1.4f Standard LaTeX file (size option)
)
\c@part=\count79
\c@section=\count80
\c@subsection=\count81
\c@subsubsection=\count82
\c@paragraph=\count83
\c@subparagraph=\count84
\c@figure=\count85
\c@table=\count86
\abovecaptionskip=\skip41
\belowcaptionskip=\skip42
\bibindent=\dimen102
) (Proposal.aux)
LaTeX Font Info:    Checking defaults for OML/cmm/m/it on input line 9.
LaTeX Font Info:    ... okay on input line 9.
LaTeX Font Info:    Checking defaults for T1/cmr/m/n on input line 9.
LaTeX Font Info:    ... okay on input line 9.
LaTeX Font Info:    Checking defaults for OT1/cmr/m/n on input line 9.
LaTeX Font Info:    ... okay on input line 9.
LaTeX Font Info:    Checking defaults for OMS/cmsy/m/n on input line 9.
LaTeX Font Info:    ... okay on input line 9.
LaTeX Font Info:    Checking defaults for OMX/cmex/m/n on input line 9.
LaTeX Font Info:    ... okay on input line 9.
LaTeX Font Info:    Checking defaults for U/cmr/m/n on input line 9.
LaTeX Font Info:    ... okay on input line 9.
LaTeX Font Info:    External font `cmex10' loaded for size
(Font)              <17.28> on input line 10.
LaTeX Font Info:    External font `cmex10' loaded for size
(Font)              <12> on input line 10.
LaTeX Font Info:    External font `cmex10' loaded for size
(Font)              <8> on input line 10.
LaTeX Font Info:    External font `cmex10' loaded for size
(Font)              <6> on input line 10.
LaTeX Font Info:    External font `cmex10' loaded for size
(Font)              <7> on input line 13.
LaTeX Font Info:    External font `cmex10' loaded for size
(Font)              <5> on input line 13.

! Undefined control sequence.
l.19 ...ll explore more advanced aspects of \Latex
                                                  \mbox{} such as graphics a...
The control sequence at the end of the top line
of your error message was never \def'ed. If you have
misspelled it (e.g., `\hobx'), type `I' and the correct
spelling (e.g., `I\hbox'). Otherwise just continue,
and I'll forget about whatever was undefined.


Underfull \hbox (badness 10000) in paragraph at lines 19--45

 []

[1

{sfonts.map}] (Proposal.aux) ) 
Here is how much of TeX's memory you used:
 250 strings out of 95519
 2614 string characters out of 1189652
 50458 words of memory out of 1049626
 3411 multiletter control sequences out of 35000
 8590 words of font info for 30 fonts, out of 500000 for 1000
 14 hyphenation exceptions out of 607
 23i,9n,17p,886b,199s stack positions out of 1500i,500n,5000p,200000b,32768s
 28 PDF objects out of 300000
 0 named destinations out of 300000
 1 words of extra memory for PDF output out of 65536
<C:\texmf\fonts\type1\bluesky\cm\cmti7.pfb><C:\texmf\fonts\type1\bluesky\cm\cmti10.pfb><C:
\texmf\fonts\type1\bluesky\cm\cmmi7.pfb><C:\texmf\fonts\type1\bluesky\cm\cmr7.pfb><C:\texmf\fonts\type1\bluesky\cm\cmr10
.pfb><C:\texmf\fonts\type1\bluesky\cm\cmbx12.pfb><C:\texmf\fonts\type1\bluesky\cm\cmr12.pfb><C:\texmf\fonts\type1\bluesk
y\cm\cmr17.pfb>
Output written on Proposal.pdf (1 page, 52868 bytes).
