This is e-TeX, Version 3.141592-2.2 (MiKTeX 2.4) (preloaded format=latex 2005.8.6)  21 NOV 2005 01:03
entering extended mode
**sectnote.tex
(sectnote.tex
LaTeX2e <2003/12/01>
Babel <v3.8a> and hyphenation patterns for english, french, german, ngerman, dumylang, nohyphenation, loaded.
(C:\texmf\tex\latex\base\article.cls
Document Class: article 2004/02/16 v1.4f Standard LaTeX document class
(C:\texmf\tex\latex\base\size10.clo
File: size10.clo 2004/02/16 v1.4f Standard LaTeX file (size option)
)
\c@part=\count79
\c@section=\count80
\c@subsection=\count81
\c@subsubsection=\count82
\c@paragraph=\count83
\c@subparagraph=\count84
\c@figure=\count85
\c@table=\count86
\abovecaptionskip=\skip41
\belowcaptionskip=\skip42
\bibindent=\dimen102
) (C:\texmf\tex\latex\base\makeidx.sty
Package: makeidx 2000/03/29 v1.0m Standard LaTeX package
) (C:\texmf\tex\latex\setspace\setspace.sty
Package: setspace 2000/12/01 6.7 Contributed and Supported LaTeX2e package

Package: `setspace' 6.7 <2000/12/01>
) (sectnote.aux)
LaTeX Font Info:    Checking defaults for OML/cmm/m/it on input line 12.
LaTeX Font Info:    ... okay on input line 12.
LaTeX Font Info:    Checking defaults for T1/cmr/m/n on input line 12.
LaTeX Font Info:    ... okay on input line 12.
LaTeX Font Info:    Checking defaults for OT1/cmr/m/n on input line 12.
LaTeX Font Info:    ... okay on input line 12.
LaTeX Font Info:    Checking defaults for OMS/cmsy/m/n on input line 12.
LaTeX Font Info:    ... okay on input line 12.
LaTeX Font Info:    Checking defaults for OMX/cmex/m/n on input line 12.
LaTeX Font Info:    ... okay on input line 12.
LaTeX Font Info:    Checking defaults for U/cmr/m/n on input line 12.
LaTeX Font Info:    ... okay on input line 12.
LaTeX Font Info:    External font `cmex10' loaded for size
(Font)              <17.28> on input line 14.
LaTeX Font Info:    External font `cmex10' loaded for size
(Font)              <12> on input line 14.
LaTeX Font Info:    External font `cmex10' loaded for size
(Font)              <8> on input line 14.
LaTeX Font Info:    External font `cmex10' loaded for size
(Font)              <6> on input line 14.
LaTeX Font Info:    External font `cmex10' loaded for size
(Font)              <7> on input line 18.
LaTeX Font Info:    External font `cmex10' loaded for size
(Font)              <5> on input line 18.
LaTeX Font Info:    Try loading font information for OMS+cmtt on input line 22.
LaTeX Font Info:    No file OMScmtt.fd. on input line 22.


LaTeX Font Warning: Font shape `OMS/cmtt/m/n' undefined
(Font)              using `OMS/cmsy/m/n' instead
(Font)              for symbol `textbraceleft' on input line 22.


Overfull \hbox (10.50008pt too wide) in paragraph at lines 32--33
[][]\OT1/cmr/m/n/10 The au-thor may also change the size of the in-den-ta-tion by us-ing the $\OMS/cmtt/m/n/10 n$\OT1/cm
tt/m/n/10 setlength
 []


Overfull \hbox (6.56203pt too wide) in paragraph at lines 32--33
\OT1/cmr/m/n/10 in the \OT1/cmr/m/it/10 pream-ble \OT1/cmr/m/n/10 (re-call that the pream-ble is every-thing be-fore $\O
MS/cmtt/m/n/10 n$\OT1/cmtt/m/n/10 begin\OMS/cmtt/m/n/10 f\OT1/cmtt/m/n/10 document\OMS/cmtt/m/n/10 g\OT1/cmr/m/n/10 ).
 []

[1

]
Overfull \hbox (17.24684pt too wide) in paragraph at lines 72--72
[]\OT1/cmtt/m/n/10 Here is an example of double--spaced text explained in this tutorial.[] 
 []

[2]
Overfull \hbox (43.49661pt too wide) in paragraph at lines 72--72
[]\OT1/cmtt/m/n/10 $\backslash$doublespacing allows double spacing. It is important, however,[] 
 []


Overfull \hbox (43.49661pt too wide) in paragraph at lines 72--72
[]\OT1/cmtt/m/n/10 to include the \texttt{setspace} package in the \textit{preamble}. This is[] 
 []


Overfull \hbox (43.49661pt too wide) in paragraph at lines 72--72
[]\OT1/cmtt/m/n/10 an excellent example of the interaction between the preamble and the body.[] 
 []


Overfull \hbox (48.74657pt too wide) in paragraph at lines 72--72
[]\OT1/cmtt/m/n/10 Now we turn to a one--half spacing example. This sort of spacing isn't used[] 
 []


Overfull \hbox (38.24666pt too wide) in paragraph at lines 72--72
[]\OT1/cmtt/m/n/10 as much, but is a good substitute for double--spacing. Notice that we can[] 
 []


Overfull \hbox (48.74657pt too wide) in paragraph at lines 72--72
[]\OT1/cmtt/m/n/10 combine several different spacing styles within one document. However, this[] 
 []

[3] (sectnote.aux)

LaTeX Font Warning: Some font shapes were not available, defaults substituted.

 ) 
Here is how much of TeX's memory you used:
 316 strings out of 95898
 3253 string characters out of 1195289
 48141 words of memory out of 1049870
 3396 multiletter control sequences out of 35000
 9833 words of font info for 35 fonts, out of 500000 for 1000
 14 hyphenation exceptions out of 607
 23i,6n,17p,607b,243s stack positions out of 1500i,500n,5000p,200000b,32768s

Output written on sectnote.dvi (3 pages, 8444 bytes).
