This is e-TeX, Version 3.141592-2.2 (MiKTeX 2.4) (preloaded format=latex 2005.8.6)  13 JAN 2006 21:40
entering extended mode
**generatenote.tex
(generatenote.tex
LaTeX2e <2003/12/01>
Babel <v3.8a> and hyphenation patterns for english, french, german, ngerman, dumylang, nohyphenation, loaded.
(C:\texmf\tex\latex\base\article.cls
Document Class: article 2004/02/16 v1.4f Standard LaTeX document class
(C:\texmf\tex\latex\base\size10.clo
File: size10.clo 2004/02/16 v1.4f Standard LaTeX file (size option)
)
\c@part=\count79
\c@section=\count80
\c@subsection=\count81
\c@subsubsection=\count82
\c@paragraph=\count83
\c@subparagraph=\count84
\c@figure=\count85
\c@table=\count86
\abovecaptionskip=\skip41
\belowcaptionskip=\skip42
\bibindent=\dimen102
) (C:\texmf\tex\latex\graphics\graphicx.sty
Package: graphicx 1999/02/16 v1.0f Enhanced LaTeX Graphics (DPC,SPQR)
 (C:\texmf\tex\latex\graphics\keyval.sty
Package: keyval 1999/03/16 v1.13 key=value parser (DPC)
\KV@toks@=\toks14
) (C:\texmf\tex\latex\graphics\graphics.sty
Package: graphics 2001/07/07 v1.0n Standard LaTeX Graphics (DPC,SPQR)
 (C:\texmf\tex\latex\graphics\trig.sty
Package: trig 1999/03/16 v1.09 sin cos tan (DPC)
)
(C:\texmf\tex\latex\00miktex\graphics.cfg
File: graphics.cfg 2003/03/12 v1.1 MiKTeX 'graphics' configuration
)
Package graphics Info: Driver file: dvips.def on input line 80.
 (C:\texmf\tex\latex\graphics\dvips.def
File: dvips.def 1999/02/16 v3.0i Driver-dependant file (DPC,SPQR)
))
\Gin@req@height=\dimen103
\Gin@req@width=\dimen104
)
(C:\texmf\tex\latex\tools\verbatim.sty
Package: verbatim 2003/08/22 v1.5q LaTeX2e package for verbatim enhancements
\every@verbatim=\toks15
\verbatim@line=\toks16
\verbatim@in@stream=\read1
) (C:\texmf\tex\latex\graphics\color.sty
Package: color 1999/02/16 v1.0i Standard LaTeX Color (DPC)
 (C:\texmf\tex\latex\00miktex\color.cfg
File: color.cfg 2003/03/08 v1.0 MiKTeX 'color' configuration
)
Package color Info: Driver file: dvips.def on input line 125.

(C:\texmf\tex\latex\graphics\dvipsnam.def
File: dvipsnam.def 1999/02/16 v3.0i Driver-dependant file (DPC,SPQR)
)) (C:\texmf\tex\latex\subfigure\subfigure.sty
Package: subfigure 2002/07/30 v2.1.4 subfigure package
\subfigtopskip=\skip43
\subfigcapskip=\skip44
\subfigcaptopadj=\dimen105
\subfigbottomskip=\skip45
\subfigcapmargin=\dimen106
\subfiglabelskip=\skip46
\c@subfigure=\count87
\c@lofdepth=\count88
\c@subtable=\count89
\c@lotdepth=\count90

****************************************
* Local config file subfigure.cfg used *
****************************************
(C:\texmf\tex\latex\subfigure\subfigure.cfg)
\subfig@top=\skip47
\subfig@bottom=\skip48
) (C:\texmf\tex\latex\amsmath\amsmath.sty
Package: amsmath 2000/07/18 v2.13 AMS math features
\@mathmargin=\skip49

For additional information on amsmath, use the `?' option.
(C:\texmf\tex\latex\amsmath\amstext.sty
Package: amstext 2000/06/29 v2.01
 (C:\texmf\tex\latex\amsmath\amsgen.sty
File: amsgen.sty 1999/11/30 v2.0
\@emptytoks=\toks17
\ex@=\dimen107
)) (C:\texmf\tex\latex\amsmath\amsbsy.sty
Package: amsbsy 1999/11/29 v1.2d
\pmbraise@=\dimen108
) (C:\texmf\tex\latex\amsmath\amsopn.sty
Package: amsopn 1999/12/14 v2.01 operator names
)
\inf@bad=\count91
LaTeX Info: Redefining \frac on input line 211.
\uproot@=\count92
\leftroot@=\count93
LaTeX Info: Redefining \overline on input line 307.
\classnum@=\count94
\DOTSCASE@=\count95
LaTeX Info: Redefining \ldots on input line 379.
LaTeX Info: Redefining \dots on input line 382.
LaTeX Info: Redefining \cdots on input line 467.
\Mathstrutbox@=\box26
\strutbox@=\box27
\big@size=\dimen109
LaTeX Font Info:    Redeclaring font encoding OML on input line 567.
LaTeX Font Info:    Redeclaring font encoding OMS on input line 568.
\macc@depth=\count96
\c@MaxMatrixCols=\count97
\dotsspace@=\muskip10
\c@parentequation=\count98
\dspbrk@lvl=\count99
\tag@help=\toks18
\row@=\count100
\column@=\count101
\maxfields@=\count102
\andhelp@=\toks19
\eqnshift@=\dimen110
\alignsep@=\dimen111
\tagshift@=\dimen112
\tagwidth@=\dimen113
\totwidth@=\dimen114
\lineht@=\dimen115
\@envbody=\toks20
\multlinegap=\skip50
\multlinetaggap=\skip51
\mathdisplay@stack=\toks21
LaTeX Info: Redefining \[ on input line 2666.
LaTeX Info: Redefining \] on input line 2667.
) (generatenote.aux)
LaTeX Font Info:    Checking defaults for OML/cmm/m/it on input line 19.
LaTeX Font Info:    ... okay on input line 19.
LaTeX Font Info:    Checking defaults for T1/cmr/m/n on input line 19.
LaTeX Font Info:    ... okay on input line 19.
LaTeX Font Info:    Checking defaults for OT1/cmr/m/n on input line 19.
LaTeX Font Info:    ... okay on input line 19.
LaTeX Font Info:    Checking defaults for OMS/cmsy/m/n on input line 19.
LaTeX Font Info:    ... okay on input line 19.
LaTeX Font Info:    Checking defaults for OMX/cmex/m/n on input line 19.
LaTeX Font Info:    ... okay on input line 19.
LaTeX Font Info:    Checking defaults for U/cmr/m/n on input line 19.
LaTeX Font Info:    ... okay on input line 19.
 [1

] [2] (generatenote.aux) ) 
Here is how much of TeX's memory you used:
 1592 strings out of 95898
 18012 string characters out of 1195289
 66872 words of memory out of 1068089
 4583 multiletter control sequences out of 35000
 11493 words of font info for 42 fonts, out of 500000 for 1000
 14 hyphenation exceptions out of 607
 27i,6n,24p,626b,196s stack positions out of 1500i,500n,5000p,200000b,32768s

Output written on generatenote.dvi (2 pages, 7528 bytes).
