This is pdfeTeX, Version 3.141592-1.20a-rc7.2-2.2 (MiKTeX 2.4) (preloaded format=latex 2005.8.6)  11 JAN 2006 01:41
entering extended mode
**C:/Documents*and*Settings/Tom/My*Documents/LaTeX*Tutorial/Website/tutorial/intermediate/environments/genenv/genenvnote
.tex

(C:/Documents and Settings/Tom/My Documents/LaTeX Tutorial/Website/tutorial/intermediate/environments/genenv/genenvnote.
tex
LaTeX2e <2003/12/01>
Babel <v3.8a> and hyphenation patterns for english, french, german, ngerman, dumylang, nohyphenation, loaded.
(C:\texmf\tex\latex\base\article.cls
Document Class: article 2004/02/16 v1.4f Standard LaTeX document class
(C:\texmf\tex\latex\base\size10.clo
File: size10.clo 2004/02/16 v1.4f Standard LaTeX file (size option)
)
\c@part=\count79
\c@section=\count80
\c@subsection=\count81
\c@subsubsection=\count82
\c@paragraph=\count83
\c@subparagraph=\count84
\c@figure=\count85
\c@table=\count86
\abovecaptionskip=\skip41
\belowcaptionskip=\skip42
\bibindent=\dimen102
) (C:\texmf\tex\latex\graphics\graphicx.sty
Package: graphicx 1999/02/16 v1.0f Enhanced LaTeX Graphics (DPC,SPQR)
 (C:\texmf\tex\latex\graphics\keyval.sty
Package: keyval 1999/03/16 v1.13 key=value parser (DPC)
\KV@toks@=\toks14
) (C:\texmf\tex\latex\graphics\graphics.sty
Package: graphics 2001/07/07 v1.0n Standard LaTeX Graphics (DPC,SPQR)
 (C:\texmf\tex\latex\graphics\trig.sty
Package: trig 1999/03/16 v1.09 sin cos tan (DPC)
)
(C:\texmf\tex\latex\00miktex\graphics.cfg
File: graphics.cfg 2003/03/12 v1.1 MiKTeX 'graphics' configuration
)
Package graphics Info: Driver file: pdftex.def on input line 80.
 (C:\texmf\tex\latex\graphics\pdftex.def
File: pdftex.def 2002/06/19 v0.03k graphics/color for pdftex
\Gread@gobject=\count87
))
\Gin@req@height=\dimen103
\Gin@req@width=\dimen104
)
(C:\texmf\tex\latex\tools\verbatim.sty
Package: verbatim 2003/08/22 v1.5q LaTeX2e package for verbatim enhancements
\every@verbatim=\toks15
\verbatim@line=\toks16
\verbatim@in@stream=\read1
) (C:\texmf\tex\latex\graphics\color.sty
Package: color 1999/02/16 v1.0i Standard LaTeX Color (DPC)
 (C:\texmf\tex\latex\00miktex\color.cfg
File: color.cfg 2003/03/08 v1.0 MiKTeX 'color' configuration
)
Package color Info: Driver file: pdftex.def on input line 125.
)
(C:\texmf\tex\latex\subfigure\subfigure.sty
Package: subfigure 2002/07/30 v2.1.4 subfigure package
\subfigtopskip=\skip43
\subfigcapskip=\skip44
\subfigcaptopadj=\dimen105
\subfigbottomskip=\skip45
\subfigcapmargin=\dimen106
\subfiglabelskip=\skip46
\c@subfigure=\count88
\c@lofdepth=\count89
\c@subtable=\count90
\c@lotdepth=\count91

****************************************
* Local config file subfigure.cfg used *
****************************************
(C:\texmf\tex\latex\subfigure\subfigure.cfg)
\subfig@top=\skip47
\subfig@bottom=\skip48
) (C:\texmf\tex\latex\amsmath\amsmath.sty
Package: amsmath 2000/07/18 v2.13 AMS math features
\@mathmargin=\skip49

For additional information on amsmath, use the `?' option.
(C:\texmf\tex\latex\amsmath\amstext.sty
Package: amstext 2000/06/29 v2.01
 (C:\texmf\tex\latex\amsmath\amsgen.sty
File: amsgen.sty 1999/11/30 v2.0
\@emptytoks=\toks17
\ex@=\dimen107
)) (C:\texmf\tex\latex\amsmath\amsbsy.sty
Package: amsbsy 1999/11/29 v1.2d
\pmbraise@=\dimen108
) (C:\texmf\tex\latex\amsmath\amsopn.sty
Package: amsopn 1999/12/14 v2.01 operator names
)
\inf@bad=\count92
LaTeX Info: Redefining \frac on input line 211.
\uproot@=\count93
\leftroot@=\count94
LaTeX Info: Redefining \overline on input line 307.
\classnum@=\count95
\DOTSCASE@=\count96
LaTeX Info: Redefining \ldots on input line 379.
LaTeX Info: Redefining \dots on input line 382.
LaTeX Info: Redefining \cdots on input line 467.
\Mathstrutbox@=\box26
\strutbox@=\box27
\big@size=\dimen109
LaTeX Font Info:    Redeclaring font encoding OML on input line 567.
LaTeX Font Info:    Redeclaring font encoding OMS on input line 568.
\macc@depth=\count97
\c@MaxMatrixCols=\count98
\dotsspace@=\muskip10
\c@parentequation=\count99
\dspbrk@lvl=\count100
\tag@help=\toks18
\row@=\count101
\column@=\count102
\maxfields@=\count103
\andhelp@=\toks19
\eqnshift@=\dimen110
\alignsep@=\dimen111
\tagshift@=\dimen112
\tagwidth@=\dimen113
\totwidth@=\dimen114
\lineht@=\dimen115
\@envbody=\toks20
\multlinegap=\skip50
\multlinetaggap=\skip51
\mathdisplay@stack=\toks21
LaTeX Info: Redefining \[ on input line 2666.
LaTeX Info: Redefining \] on input line 2667.
) (genenvnote.aux)
LaTeX Font Info:    Checking defaults for OML/cmm/m/it on input line 19.
LaTeX Font Info:    ... okay on input line 19.
LaTeX Font Info:    Checking defaults for T1/cmr/m/n on input line 19.
LaTeX Font Info:    ... okay on input line 19.
LaTeX Font Info:    Checking defaults for OT1/cmr/m/n on input line 19.
LaTeX Font Info:    ... okay on input line 19.
LaTeX Font Info:    Checking defaults for OMS/cmsy/m/n on input line 19.
LaTeX Font Info:    ... okay on input line 19.
LaTeX Font Info:    Checking defaults for OMX/cmex/m/n on input line 19.
LaTeX Font Info:    ... okay on input line 19.
LaTeX Font Info:    Checking defaults for U/cmr/m/n on input line 19.
LaTeX Font Info:    ... okay on input line 19.
 (C:\texmf\tex\context\base\supp-pdf.tex
(C:\texmf\tex\context\base\supp-mis.tex
loading : Context Support Macros / Miscellaneous 
\protectiondepth=\count104
\scratchcounter=\count105
\scratchtoks=\toks22
\scratchdimen=\dimen116
\scratchskip=\skip52
\scratchmuskip=\muskip11
\scratchbox=\box28
\scratchread=\read2
\scratchwrite=\write3
\zeropoint=\dimen117
\onepoint=\dimen118
\onebasepoint=\dimen119
\minusone=\count106
\thousandpoint=\dimen120
\onerealpoint=\dimen121
\emptytoks=\toks23
\nextbox=\box29
\nextdepth=\dimen122
\everyline=\toks24
\!!counta=\count107
\!!countb=\count108
\recursecounter=\count109
)
loading : Context Support Macros / PDF (2004.03.26)
\nofMPsegments=\count110
\nofMParguments=\count111
\everyMPtoPDFconversion=\toks25
)
LaTeX Font Info:    Try loading font information for OMS+cmtt on input line 29.
LaTeX Font Info:    No file OMScmtt.fd. on input line 29.


LaTeX Font Warning: Font shape `OMS/cmtt/m/n' undefined
(Font)              using `OMS/cmsy/m/n' instead
(Font)              for symbol `textbraceleft' on input line 29.


Overfull \hbox (0.48558pt too wide) in paragraph at lines 29--30
\OT1/cmr/m/n/10 An en-vi-ron-ment is text and/or com-mands be-tween $\OMS/cmtt/m/n/10 n$\OT1/cmtt/m/n/10 begin\OMS/cmtt/
m/n/10 f\OT1/cmtt/m/it/10 environment name\OMS/cmtt/m/n/10 g
 []

LaTeX Font Info:    Try loading font information for OMS+cmr on input line 39.
(C:\texmf\tex\latex\base\omscmr.fd
File: omscmr.fd 1999/05/25 v2.5h Standard LaTeX font definitions
)
LaTeX Font Info:    Font shape `OMS/cmr/m/n' in size <10> not available
(Font)              Font shape `OMS/cmsy/m/n' tried instead on input line 39.
 [1

{sfonts.map}] [2]
Overfull \hbox (22.30498pt too wide) in paragraph at lines 151--152
[]\OT1/cmr/m/n/10 Normally, the ab-stract will be in-serted right af-ter $\OMS/cmsy/m/n/10 n$\OT1/cmtt/m/n/10 begin\OMS/
cmsy/m/n/10 f\OT1/cmtt/m/n/10 document\OMS/cmsy/m/n/10 g\OT1/cmr/m/n/10 , $\OMS/cmsy/m/n/10 n$\OT1/cmtt/m/n/10 maketitle

 []

[3] [4] (genenvnote.aux)

LaTeX Font Warning: Some font shapes were not available, defaults substituted.

 ) 
Here is how much of TeX's memory you used:
 1831 strings out of 95519
 20614 string characters out of 1189652
 72596 words of memory out of 1073300
 4872 multiletter control sequences out of 35000
 11446 words of font info for 42 fonts, out of 500000 for 1000
 14 hyphenation exceptions out of 607
 27i,6n,24p,517b,259s stack positions out of 1500i,500n,5000p,200000b,32768s
 49 PDF objects out of 300000
 0 named destinations out of 300000
 1 words of extra memory for PDF output out of 65536
<C:\texmf\fonts\type1\bluesky\cm\cmr9.pfb><C:\texmf\fonts\type1\bluesky\cm\cmbx9.pfb><C:\texmf\fonts\type1\bluesky\cm\
cmitt10.pfb><C:\texmf\fonts\type1\bluesky\cm\cmtt10.pfb><C:\texmf\fonts\type1\bluesky\cm\cmsy10.pfb><C:\texmf\fonts\type
1\bluesky\cm\cmr7.pfb><C:\texmf\fonts\type1\bluesky\cm\cmr10.pfb><C:\texmf\fonts\type1\bluesky\cm\cmbx12.pfb><C:\texmf\f
onts\type1\bluesky\cm\cmti12.pfb><C:\texmf\fonts\type1\bluesky\cm\cmr12.pfb><C:\texmf\fonts\type1\bluesky\cm\cmr17.pfb><
C:\texmf\fonts\type1\bluesky\cm\cmcsc10.pfb>
Output written on genenvnote.pdf (4 pages, 83572 bytes).
