This is e-TeX, Version 3.141592-2.2 (MiKTeX 2.4) (preloaded format=latex 2005.8.6)  25 NOV 2005 22:17
entering extended mode
**mathnote.tex
(mathnote.tex
LaTeX2e <2003/12/01>
Babel <v3.8a> and hyphenation patterns for english, french, german, ngerman, dumylang, nohyphenation, loaded.
(C:\texmf\tex\latex\base\article.cls
Document Class: article 2004/02/16 v1.4f Standard LaTeX document class
(C:\texmf\tex\latex\base\size10.clo
File: size10.clo 2004/02/16 v1.4f Standard LaTeX file (size option)
)
\c@part=\count79
\c@section=\count80
\c@subsection=\count81
\c@subsubsection=\count82
\c@paragraph=\count83
\c@subparagraph=\count84
\c@figure=\count85
\c@table=\count86
\abovecaptionskip=\skip41
\belowcaptionskip=\skip42
\bibindent=\dimen102
) (C:\texmf\tex\latex\base\makeidx.sty
Package: makeidx 2000/03/29 v1.0m Standard LaTeX package
)
\@indexfile=\write3

Writing index file mathnote.idx
(mathnote.aux)
LaTeX Font Info:    Checking defaults for OML/cmm/m/it on input line 12.
LaTeX Font Info:    ... okay on input line 12.
LaTeX Font Info:    Checking defaults for T1/cmr/m/n on input line 12.
LaTeX Font Info:    ... okay on input line 12.
LaTeX Font Info:    Checking defaults for OT1/cmr/m/n on input line 12.
LaTeX Font Info:    ... okay on input line 12.
LaTeX Font Info:    Checking defaults for OMS/cmsy/m/n on input line 12.
LaTeX Font Info:    ... okay on input line 12.
LaTeX Font Info:    Checking defaults for OMX/cmex/m/n on input line 12.
LaTeX Font Info:    ... okay on input line 12.
LaTeX Font Info:    Checking defaults for U/cmr/m/n on input line 12.
LaTeX Font Info:    ... okay on input line 12.
LaTeX Font Info:    External font `cmex10' loaded for size
(Font)              <17.28> on input line 14.
LaTeX Font Info:    External font `cmex10' loaded for size
(Font)              <12> on input line 14.
LaTeX Font Info:    External font `cmex10' loaded for size
(Font)              <8> on input line 14.
LaTeX Font Info:    External font `cmex10' loaded for size
(Font)              <6> on input line 14.
LaTeX Font Info:    External font `cmex10' loaded for size
(Font)              <7> on input line 18.
LaTeX Font Info:    External font `cmex10' loaded for size
(Font)              <5> on input line 18.
LaTeX Font Info:    Try loading font information for OMS+cmtt on input line 24.
LaTeX Font Info:    No file OMScmtt.fd. on input line 24.


LaTeX Font Warning: Font shape `OMS/cmtt/m/n' undefined
(Font)              using `OMS/cmsy/m/n' instead
(Font)              for symbol `textbraceleft' on input line 24.

LaTeX Font Info:    Try loading font information for OMS+cmr on input line 31.
(C:\texmf\tex\latex\base\omscmr.fd
File: omscmr.fd 1999/05/25 v2.5h Standard LaTeX font definitions
)
LaTeX Font Info:    Font shape `OMS/cmr/m/n' in size <10> not available
(Font)              Font shape `OMS/cmsy/m/n' tried instead on input line 31.

! Missing { inserted.
<to be read again> 
                   $
l.32 			$\backslash$sqrt 							  & $\sqrt$
                                            					  & $< >$						  						& $<...
A left brace was mandatory here, so I've put one in.
You might want to delete and/or insert some corrections
so that I will find a matching right brace soon.
(If you're confused by all this, try typing `I}' now.)

! Missing } inserted.
<inserted text> 
                }
l.32 			$\backslash$sqrt 							  & $\sqrt$
                                            					  & $< >$						  						& $<...
I've inserted something that you may have forgotten.
(See the <inserted text> above.)
With luck, this will get me unwedged. But if you
really didn't forget anything, try typing `2' now; then
my insertion and my current dilemma will both disappear.

[1

]
LaTeX Font Info:    Font shape `OT1/cmtt/bx/n' in size <10> not available
(Font)              Font shape `OT1/cmtt/m/n' tried instead on input line 51.

Overfull \hbox (32.9967pt too wide) in paragraph at lines 57--57
[][]\OT1/cmtt/m/n/10 Although it does not appear to be different, \begin{math}2+2=4\end{math}[] 
 []


Underfull \hbox (badness 10000) in paragraph at lines 58--63

 []


Underfull \hbox (badness 10000) in paragraph at lines 58--63

 []


Underfull \hbox (badness 10000) in paragraph at lines 67--72

 []


Underfull \hbox (badness 10000) in paragraph at lines 67--72

 []

[2]
Overfull \hbox (1.49698pt too wide) in paragraph at lines 89--89
[][]\OT1/cmtt/m/n/10 It's usually proper to display mathematical formulas with a couple[] 
 []


Overfull \hbox (6.74693pt too wide) in paragraph at lines 89--89
[]\OT1/cmtt/m/n/10 and distinct space for the reader to notice and clearly understand.[] 
 []


Overfull \hbox (59.24648pt too wide) in paragraph at lines 89--89
[]\OT1/cmtt/m/n/10 For instance, the equation below stand out against the main body of the text.[] 
 []


Overfull \hbox (22.4968pt too wide) in paragraph at lines 89--89
[]\OT1/cmtt/m/n/10 As you can see, the equation is spaced from the main body of the text.[] 
 []

[3] [4] (mathnote.aux)

LaTeX Font Warning: Some font shapes were not available, defaults substituted.

 ) 
Here is how much of TeX's memory you used:
 311 strings out of 95898
 3106 string characters out of 1195289
 49945 words of memory out of 1049626
 3387 multiletter control sequences out of 35000
 10315 words of font info for 37 fonts, out of 500000 for 1000
 14 hyphenation exceptions out of 607
 23i,9n,20p,663b,256s stack positions out of 1500i,500n,5000p,200000b,32768s

Output written on mathnote.dvi (4 pages, 12188 bytes).
