This is pdfeTeX, Version 3.141592-1.20a-rc7.2-2.2 (MiKTeX 2.4) (preloaded format=latex 2005.8.6)  24 SEP 2005 19:11
entering extended mode
**C:/Documents*and*Settings/Tom/My*Documents/LaTeX*Tutorial/Slides/3*Intermediate*Documents/2*Indexing*and*Bibliographie
s/IndexNote.tex

(C:/Documents and Settings/Tom/My Documents/LaTeX Tutorial/Slides/3 Intermediate Documents/2 Indexing and Bibliographies
/IndexNote.tex
LaTeX2e <2003/12/01>
Babel <v3.8a> and hyphenation patterns for english, french, german, ngerman, dumylang, nohyphenation, loaded.
(C:\texmf\tex\latex\base\article.cls
Document Class: article 2004/02/16 v1.4f Standard LaTeX document class
(C:\texmf\tex\latex\base\size10.clo
File: size10.clo 2004/02/16 v1.4f Standard LaTeX file (size option)
)
\c@part=\count79
\c@section=\count80
\c@subsection=\count81
\c@subsubsection=\count82
\c@paragraph=\count83
\c@subparagraph=\count84
\c@figure=\count85
\c@table=\count86
\abovecaptionskip=\skip41
\belowcaptionskip=\skip42
\bibindent=\dimen102
) (C:\texmf\tex\latex\base\makeidx.sty
Package: makeidx 2000/03/29 v1.0m Standard LaTeX package
)
\@indexfile=\write3

Writing index file IndexNote.idx
(IndexNote.aux)
LaTeX Font Info:    Checking defaults for OML/cmm/m/it on input line 12.
LaTeX Font Info:    ... okay on input line 12.
LaTeX Font Info:    Checking defaults for T1/cmr/m/n on input line 12.
LaTeX Font Info:    ... okay on input line 12.
LaTeX Font Info:    Checking defaults for OT1/cmr/m/n on input line 12.
LaTeX Font Info:    ... okay on input line 12.
LaTeX Font Info:    Checking defaults for OMS/cmsy/m/n on input line 12.
LaTeX Font Info:    ... okay on input line 12.
LaTeX Font Info:    Checking defaults for OMX/cmex/m/n on input line 12.
LaTeX Font Info:    ... okay on input line 12.
LaTeX Font Info:    Checking defaults for U/cmr/m/n on input line 12.
LaTeX Font Info:    ... okay on input line 12.
LaTeX Font Info:    External font `cmex10' loaded for size
(Font)              <17.28> on input line 14.
LaTeX Font Info:    External font `cmex10' loaded for size
(Font)              <12> on input line 14.
LaTeX Font Info:    External font `cmex10' loaded for size
(Font)              <8> on input line 14.
LaTeX Font Info:    External font `cmex10' loaded for size
(Font)              <6> on input line 14.
LaTeX Font Info:    External font `cmex10' loaded for size
(Font)              <7> on input line 18.
LaTeX Font Info:    External font `cmex10' loaded for size
(Font)              <5> on input line 18.
LaTeX Font Info:    Font shape `OT1/cmtt/bx/n' in size <12> not available
(Font)              Font shape `OT1/cmtt/m/n' tried instead on input line 22.
LaTeX Font Info:    Try loading font information for OMS+cmtt on input line 26.
LaTeX Font Info:    No file OMScmtt.fd. on input line 26.


LaTeX Font Warning: Font shape `OMS/cmtt/m/n' undefined
(Font)              using `OMS/cmsy/m/n' instead
(Font)              for symbol `textbraceleft' on input line 26.

[1

{sfonts.map}]
Overfull \hbox (11.99689pt too wide) in paragraph at lines 80--80
[]\OT1/cmtt/m/n/10 Herbert Croly's \textit{The Promise of American Life} was written at[] 
 []


Overfull \hbox (11.99689pt too wide) in paragraph at lines 80--80
[]\OT1/cmtt/m/n/10 the turn of the 20th century. Croly outlined a deep division between[] 
 []


Overfull \hbox (32.9967pt too wide) in paragraph at lines 80--80
[]\OT1/cmtt/m/n/10 Hamiltonian\index{Hamilton, Alexander} branches of the Democratic Party.[] 
 []


Overfull \hbox (111.74602pt too wide) in paragraph at lines 80--80
[]\OT1/cmtt/m/n/10 Since Croly's book, even the Republican Party\index{Political Parties!Republican Party}[] 
 []


Overfull \hbox (38.24666pt too wide) in paragraph at lines 80--80
[]\OT1/cmtt/m/n/10 had their own divisions, especially between Henry Taft\index{Taft, Henry}[] 
 []

(IndexNote.ind [2] [3] [4


]) (IndexNote.aux)

LaTeX Font Warning: Some font shapes were not available, defaults substituted.

 ) 
Here is how much of TeX's memory you used:
 293 strings out of 95519
 3245 string characters out of 1189652
 48410 words of memory out of 1049626
 3432 multiletter control sequences out of 35000
 10002 words of font info for 36 fonts, out of 500000 for 1000
 14 hyphenation exceptions out of 607
 23i,6n,20p,805b,196s stack positions out of 1500i,500n,5000p,200000b,32768s
 49 PDF objects out of 300000
 0 named destinations out of 300000
 1 words of extra memory for PDF output out of 65536
<C:\texmf\fonts\type1\bluesky\cm\cmitt10.pfb><C:\texmf\fonts\type1\bluesky\cm\cmsy10.pfb><C:\texmf\fonts\type1\bluesky
\cm\cmtt12.pfb><C:\texmf\fonts\type1\bluesky\cm\cmti10.pfb><C:\texmf\fonts\type1\bluesky\cm\cmtt10.pfb><C:\texmf\fonts\t
ype1\bluesky\cm\cmr7.pfb><C:\texmf\fonts\type1\bluesky\cm\cmr10.pfb><C:\texmf\fonts\type1\bluesky\cm\cmbx12.pfb><C:\texm
f\fonts\type1\bluesky\cm\cmti12.pfb><C:\texmf\fonts\type1\bluesky\cm\cmr12.pfb><C:\texmf\fonts\type1\bluesky\cm\cmr17.pf
b><C:\texmf\fonts\type1\bluesky\cm\cmcsc10.pfb>
Output written on IndexNote.pdf (4 pages, 75597 bytes).
