This is pdfeTeX, Version 3.141592-1.20a-rc7.2-2.2 (MiKTeX 2.4) (preloaded format=latex 2005.8.6)  17 NOV 2005 22:15
entering extended mode
**C:/Documents*and*Settings/Tom/My*Documents/LaTeX*Tutorial/Website/tutorial/create/preamble/classpack/classpacknote.tex

(C:/Documents and Settings/Tom/My Documents/LaTeX Tutorial/Website/tutorial/create/preamble/classpack/classpacknote.tex
LaTeX2e <2003/12/01>
Babel <v3.8a> and hyphenation patterns for english, french, german, ngerman, dumylang, nohyphenation, loaded.
(C:\texmf\tex\latex\base\article.cls
Document Class: article 2004/02/16 v1.4f Standard LaTeX document class
(C:\texmf\tex\latex\base\size10.clo
File: size10.clo 2004/02/16 v1.4f Standard LaTeX file (size option)
)
\c@part=\count79
\c@section=\count80
\c@subsection=\count81
\c@subsubsection=\count82
\c@paragraph=\count83
\c@subparagraph=\count84
\c@figure=\count85
\c@table=\count86
\abovecaptionskip=\skip41
\belowcaptionskip=\skip42
\bibindent=\dimen102
) (C:\texmf\tex\latex\base\makeidx.sty
Package: makeidx 2000/03/29 v1.0m Standard LaTeX package
)
\@indexfile=\write3

Writing index file classpacknote.idx
(classpacknote.aux)
LaTeX Font Info:    Checking defaults for OML/cmm/m/it on input line 12.
LaTeX Font Info:    ... okay on input line 12.
LaTeX Font Info:    Checking defaults for T1/cmr/m/n on input line 12.
LaTeX Font Info:    ... okay on input line 12.
LaTeX Font Info:    Checking defaults for OT1/cmr/m/n on input line 12.
LaTeX Font Info:    ... okay on input line 12.
LaTeX Font Info:    Checking defaults for OMS/cmsy/m/n on input line 12.
LaTeX Font Info:    ... okay on input line 12.
LaTeX Font Info:    Checking defaults for OMX/cmex/m/n on input line 12.
LaTeX Font Info:    ... okay on input line 12.
LaTeX Font Info:    Checking defaults for U/cmr/m/n on input line 12.
LaTeX Font Info:    ... okay on input line 12.
LaTeX Font Info:    External font `cmex10' loaded for size
(Font)              <17.28> on input line 14.
LaTeX Font Info:    External font `cmex10' loaded for size
(Font)              <12> on input line 14.
LaTeX Font Info:    External font `cmex10' loaded for size
(Font)              <8> on input line 14.
LaTeX Font Info:    External font `cmex10' loaded for size
(Font)              <6> on input line 14.
LaTeX Font Info:    External font `cmex10' loaded for size
(Font)              <7> on input line 18.
LaTeX Font Info:    External font `cmex10' loaded for size
(Font)              <5> on input line 18.
LaTeX Font Info:    Try loading font information for OMS+cmtt on input line 22.
LaTeX Font Info:    No file OMScmtt.fd. on input line 22.


LaTeX Font Warning: Font shape `OMS/cmtt/m/n' undefined
(Font)              using `OMS/cmsy/m/n' instead
(Font)              for symbol `textbraceleft' on input line 22.

LaTeX Font Info:    Font shape `OT1/cmtt/bx/n' in size <12> not available
(Font)              Font shape `OT1/cmtt/m/n' tried instead on input line 24.
[1

{sfonts.map}] [2] [3] [4] (classpacknote.aux)

LaTeX Font Warning: Some font shapes were not available, defaults substituted.

 ) 
Here is how much of TeX's memory you used:
 293 strings out of 95519
 3245 string characters out of 1189652
 48922 words of memory out of 1049626
 3435 multiletter control sequences out of 35000
 10871 words of font info for 39 fonts, out of 500000 for 1000
 14 hyphenation exceptions out of 607
 23i,8n,20p,1099b,196s stack positions out of 1500i,500n,5000p,200000b,32768s
 64 PDF objects out of 300000
 0 named destinations out of 300000
 1 words of extra memory for PDF output out of 65536
<C:\texmf\fonts\type1\bluesky\cm\cmti7.pfb><C:\texmf\fonts\type1\bluesky\cm\cmti8.pfb><C:\texmf\fonts\type1\bluesky\cm
\cmtt8.pfb><C:\texmf\fonts\type1\bluesky\cm\cmr8.pfb><C:\texmf\fonts\type1\bluesky\cm\cmr6.pfb><C:\texmf\fonts\type1\blu
esky\cm\cmti10.pfb><C:\texmf\fonts\type1\bluesky\cm\cmitt10.pfb><C:\texmf\fonts\type1\bluesky\cm\cmtt12.pfb><C:\texmf\fo
nts\type1\bluesky\cm\cmtt10.pfb><C:\texmf\fonts\type1\bluesky\cm\cmsy10.pfb><C:\texmf\fonts\type1\bluesky\cm\cmr7.pfb><C
:\texmf\fonts\type1\bluesky\cm\cmr10.pfb><C:\texmf\fonts\type1\bluesky\cm\cmbx12.pfb><C:\texmf\fonts\type1\bluesky\cm\cm
ti12.pfb><C:\texmf\fonts\type1\bluesky\cm\cmr12.pfb><C:\texmf\fonts\type1\bluesky\cm\cmr17.pfb><C:\texmf\fonts\type1\blu
esky\cm\cmcsc10.pfb>
Output written on classpacknote.pdf (4 pages, 100912 bytes).
