This is e-TeX, Version 3.141592-2.2 (MiKTeX 2.4) (preloaded format=latex 2005.8.6)  24 OCT 2005 19:28
entering extended mode
**Intro.tex
(Intro.tex
LaTeX2e <2003/12/01>
Babel <v3.8a> and hyphenation patterns for english, french, german, ngerman, dumylang, nohyphenation, loaded.
(C:\texmf\tex\latex\prosper\prosper.cls
Document Class: prosper 2001/07/17, v. 1.5
(c) 2000-2001 Frederic Goualard, EPFL, Switzerland
 and Peter Møller Neergaard, Boston Univ., USA
CVSId: $Id: prosper.cls,v 1.24 2002/11/25 14:35:50 exupery Exp $
(C:\texmf\tex\latex\graphics\graphicx.sty
Package: graphicx 1999/02/16 v1.0f Enhanced LaTeX Graphics (DPC,SPQR)
 (C:\texmf\tex\latex\graphics\keyval.sty
Package: keyval 1999/03/16 v1.13 key=value parser (DPC)
\KV@toks@=\toks14
)
(C:\texmf\tex\latex\graphics\graphics.sty
Package: graphics 2001/07/07 v1.0n Standard LaTeX Graphics (DPC,SPQR)
 (C:\texmf\tex\latex\graphics\trig.sty
Package: trig 1999/03/16 v1.09 sin cos tan (DPC)
)
(C:\texmf\tex\latex\00miktex\graphics.cfg
File: graphics.cfg 2003/03/12 v1.1 MiKTeX 'graphics' configuration
)
Package graphics Info: Driver file: dvips.def on input line 80.
 (C:\texmf\tex\latex\graphics\dvips.def
File: dvips.def 1999/02/16 v3.0i Driver-dependant file (DPC,SPQR)
))
\Gin@req@height=\dimen102
\Gin@req@width=\dimen103
)
(C:\texmf\tex\latex\seminar\seminar.cls
Document Class: seminar 1997/10/13, 1.4
Document Style: `seminar' v1.4 <1997/10/13> (tvz)
\slidewidth=\dimen104
\slideheight=\dimen105
\footheight=\dimen106
(C:\texmf\tex\latex\base\article.cls
Document Class: article 2004/02/16 v1.4f Standard LaTeX document class
(C:\texmf\tex\latex\base\leqno.clo
File: leqno.clo 1998/08/17 v1.1c Standard LaTeX option (left equation numbers)
) (C:\texmf\tex\latex\base\size10.clo
File: size10.clo 2004/02/16 v1.4f Standard LaTeX file (size option)
)
\c@part=\count79
\c@section=\count80
\c@subsection=\count81
\c@subsubsection=\count82
\c@paragraph=\count83
\c@subparagraph=\count84
\c@figure=\count85
\c@table=\count86
\abovecaptionskip=\skip41
\belowcaptionskip=\skip42
\bibindent=\dimen107
) (C:\texmf\tex\latex\seminar\sem-page.sty)
\before@document=\toks15
\after@document=\toks16
\before@enddocument=\toks17
\c@slide=\count87
\slide@count=\count88
\@slidebox=\box26
\not@slidebox=\box27
\slide@hook=\toks18
\after@slide=\toks19
\slide@footins=\insert233
\slide@listdepth=\count89
\saved@specials=\box28
\before@newslide=\toks20
\after@slidepage=\toks21
\slidesep=\skip43
\c@note=\count90
\slideframewidth=\dimen108
\slideframesep=\dimen109
\semin=\dimen110
\semcm=\dimen111
)
(C:\texmf\tex\latex\seminar\semcolor.sty
Style Option: `semcolor' for doc style `seminar' 1.01 <2004/05/18> (tvz)
File: semcolor.sty 2004/05/18 v1.01 (tvz)
(C:\texmf\tex\latex\pstricks\pstricks.sty
Package: pstricks 2004/05/12 v0.2l LaTeX wrapper for `PSTricks' (RN,HV)
 (C:\texmf\tex\generic\pstricks\pstricks.tex
`PSTricks' v1.04  <2004/06/22> (tvz)
\pst@dima=\dimen112
\pst@dimb=\dimen113
\pst@dimc=\dimen114
\pst@dimd=\dimen115
\pst@dimg=\dimen116
\pst@dimh=\dimen117
\pst@hbox=\box29
\pst@boxg=\box30
\pst@cnta=\count91
\pst@cntb=\count92
\pst@cntc=\count93
\pst@cntd=\count94
\pst@cntg=\count95
\pst@cnth=\count96
\pst@toks=\toks22
(C:\texmf\tex\generic\pstricks\pstricks.con)
\psunit=\dimen118
\psxunit=\dimen119
\psyunit=\dimen120
\pslinewidth=\dimen121
\pst@customdefs=\toks23
\pslinearc=\dimen122
\everypsbox=\toks24
\psframesep=\dimen123
\pslabelsep=\dimen124
\theoverlaybox=\box31
)
File: pstricks.tex 2004/06/22 v1.04 `PSTricks' (tvz)
 (C:\texmf\tex\latex\xcolor\xcolor.sty
Package: xcolor 2005/06/06 v2.03 LaTeX color extensions (UK)

(C:\texmf\tex\latex\00miktex\color.cfg
File: color.cfg 2003/03/08 v1.0 MiKTeX 'color' configuration
)
Package xcolor Info: Package option `override' ignored on input line 157.
Package xcolor Info: Driver file: dvips.def on input line 166.
Package xcolor Info: Color model `cmy' added on input line 1117.
Package xcolor Info: Color model `RGB' extended on input line 1140.
Package xcolor Info: Color model `HTML' added on input line 1151.
Package xcolor Info: Color model `HSB' added on input line 1157.
Package xcolor Info: Color model `Gray' added on input line 1163.
))) (C:\texmf\tex\latex\seminar\semlayer.sty
\@@slidebox=\box32
\c@overlay=\count97
)
(C:\texmf\tex\latex\seminar\seminar.bug) (C:\texmf\tex\latex\seminar\seminar.bg2
seminar.bg2: various corrections for the Seminar document class added since seminar.bug (waiting Seminar 98)
(Version 1.6 of <November 20, 1997> (D.G.))
) (C:\texmf\tex\latex\hyperref\hyperref.sty
Package: hyperref 2003/11/30 v6.74m Hypertext links for LaTeX
\@linkdim=\dimen125
\Hy@linkcounter=\count98
\Hy@pagecounter=\count99
 (C:\texmf\tex\latex\hyperref\pd1enc.def
File: pd1enc.def 2003/11/30 v6.74m Hyperref: PDFDocEncoding definition (HO)
)
(C:\texmf\tex\latex\00miktex\hyperref.cfg
File: hyperref.cfg 2003/03/08 v1.0 MiKTeX 'hyperref' configuration
)
Package hyperref Info: Option `bookmarks' set `true' on input line 1830.
Package hyperref Info: Option `pdffitwindow' set `true' on input line 1830.
Package hyperref Info: Option `pdfcenterwindow' set `true' on input line 1830.
Package hyperref Info: Hyper figures OFF on input line 1880.
Package hyperref Info: Link nesting OFF on input line 1885.
Package hyperref Info: Hyper index ON on input line 1888.
Package hyperref Info: Plain pages ON on input line 1893.
Package hyperref Info: Backreferencing OFF on input line 1900.

Implicit mode ON; LaTeX internals redefined
Package hyperref Info: Bookmarks ON on input line 2004.
(C:\texmf\tex\latex\ltxmisc\url.sty
\Urlmuskip=\muskip10
Package: url 2004/03/15  ver 3.1  Verb mode for urls, etc.
)
LaTeX Info: Redefining \url on input line 2143.
\Fld@menulength=\count100
\Field@Width=\dimen126
\Fld@charsize=\dimen127
\Choice@toks=\toks25
\Field@toks=\toks26
Package hyperref Info: Hyper figures OFF on input line 2618.
Package hyperref Info: Link nesting OFF on input line 2623.
Package hyperref Info: Hyper index ON on input line 2626.
Package hyperref Info: backreferencing OFF on input line 2633.
Package hyperref Info: Link coloring OFF on input line 2638.
\c@Item=\count101
\c@Hfootnote=\count102
)
*hyperref using driver hdvips*
(C:\texmf\tex\latex\hyperref\hdvips.def
File: hdvips.def 2003/11/30 v6.74m Hyperref driver for dvips
 (C:\texmf\tex\latex\hyperref\pdfmark.def
File: pdfmark.def 2003/11/30 v6.74m Hyperref definitions for pdfmark specials
\pdf@docset=\toks27
\pdf@box=\box33
\pdf@toks=\toks28
\pdf@defaulttoks=\toks29
\Fld@listcount=\count103
\@outlinefile=\write3
))
\theoverlays=\box34
\c@overlaysCount=\count104
\c@limitOverlays=\count105
\@tempoLimit=\count106
\slideWidth=\skip44
\c@trueSlideCounter=\count107

(C:\texmf\tex\latex\prosper\PPRdefault.sty
Package: PPRdefault 2000/11/30

`default' style for Prosper ---
CVSId: $Id: PPRdefault.sty,v 1.3 2001/10/24 15:11:25 exupery Exp $
 
(C:\texmf\tex\latex\amsfonts\amssymb.sty
Package: amssymb 2002/01/22 v2.2d
 (C:\texmf\tex\latex\amsfonts\amsfonts.sty
Package: amsfonts 2001/10/25 v2.2f
\@emptytoks=\toks30
\symAMSa=\mathgroup4
\symAMSb=\mathgroup5
LaTeX Font Info:    Overwriting math alphabet `\mathfrak' in version `bold'
(Font)                  U/euf/m/n --> U/euf/b/n on input line 132.
))
(C:\texmf\tex\latex\seminar\semhelv.sty
Style Option: `semhelv' for the `seminar' doc style 1.4 <2000/05/08> (tvz)
Modified by Stefan (see source for details)
LaTeX Font Info:    Font shape `OT1/helvetica/m/n' will be
(Font)              scaled to size 8.20007pt on input line 176.
))
\c@item@step=\count108
\c@overlay@page=\count109
\c@nbAffected=\count110
\c@savecountAffected=\count111
) (C:\texmf\tex\latex\mflogo\mflogo.sty
Package: mflogo 1999/03/10 v2.0 LaTeX package for Metafont and MetaPost logos
) (Intro.aux)
LaTeX Font Info:    Checking defaults for OML/cmm/m/it on input line 15.
LaTeX Font Info:    ... okay on input line 15.
LaTeX Font Info:    Checking defaults for T1/cmr/m/n on input line 15.
LaTeX Font Info:    ... okay on input line 15.
LaTeX Font Info:    Checking defaults for OT1/cmr/m/n on input line 15.
LaTeX Font Info:    ... okay on input line 15.
LaTeX Font Info:    Checking defaults for OMS/cmsy/m/n on input line 15.
LaTeX Font Info:    ... okay on input line 15.
LaTeX Font Info:    Checking defaults for OMX/cmex/m/n on input line 15.
LaTeX Font Info:    ... okay on input line 15.
LaTeX Font Info:    Checking defaults for U/cmr/m/n on input line 15.
LaTeX Font Info:    ... okay on input line 15.
LaTeX Font Info:    Checking defaults for PD1/pdf/m/n on input line 15.
LaTeX Font Info:    ... okay on input line 15.
Package hyperref Info: Link coloring OFF on input line 15.
 (C:\texmf\tex\latex\hyperref\nameref.sty
Package: nameref 2003/12/03 v2.21 Cross-referencing by name of section
\c@section@level=\count112
)
LaTeX Info: Redefining \ref on input line 15.
LaTeX Info: Redefining \pageref on input line 15.
 (Intro.out) (Intro.out)
LaTeX Font Info:    Font shape `OT1/helvetica/m/n' will be
(Font)              scaled to size 14.16972pt on input line 16.
LaTeX Font Info:    Font shape `OT1/helvetica/m/n' will be
(Font)              scaled to size 11.80809pt on input line 16.
LaTeX Font Info:    Try loading font information for T1+phv on input line 16.
(C:\texmf\tex\latex\psnfss\t1phv.fd
File: t1phv.fd 2001/06/04 scalable font definitions for T1/phv.
)
LaTeX Font Info:    Try loading font information for T1+ptm on input line 16.
 (C:\texmf\tex\latex\psnfss\t1ptm.fd
File: t1ptm.fd 2001/06/04 font definitions for T1/ptm.
)
LaTeX Font Info:    Calculating math sizes for size <14> on input line 16.
LaTeX Font Info:    Try loading font information for U+msa on input line 16.
 (C:\texmf\tex\latex\amsfonts\umsa.fd
File: umsa.fd 2002/01/19 v2.2g AMS font definitions
)
LaTeX Font Info:    Try loading font information for U+msb on input line 16.

(C:\texmf\tex\latex\amsfonts\umsb.fd
File: umsb.fd 2002/01/19 v2.2g AMS font definitions
)
LaTeX Font Info:    Font shape `OT1/helvetica/m/n' will be
(Font)              scaled to size 5.74005pt on input line 16.
LaTeX Font Info:    Font shape `OT1/courier/m/n' will be
(Font)              scaled to size 6.895pt on input line 16.
LaTeX Font Info:    Font shape `OT1/helvetica/m/n' will be
(Font)              scaled to size 4.10004pt on input line 16.
 [1


]
File: red-bullet-on-white.ps Graphic file (type eps)
 <red-bullet-on-white.ps>
LaTeX Font Info:    Calculating math sizes for size <12.4> on input line 20.
File: red-bullet-on-white.ps Graphic file (type eps)
 <red-bullet-on-white.ps>
File: red-bullet-on-white.ps Graphic file (type eps)
 <red-bullet-on-white.ps>
File: red-bullet-on-white.ps Graphic file (type eps)

<red-bullet-on-white.ps> [2

]
! Undefined control sequence.
<argument> What is \LaTeX \?
                            
l.27 \begin{slide}{What is \LaTeX\?}
                                    
The control sequence at the end of the top line
of your error message was never \def'ed. If you have
misspelled it (e.g., `\hobx'), type `I' and the correct
spelling (e.g., `I\hbox'). Otherwise just continue,
and I'll forget about whatever was undefined.

File: red-bullet-on-white.ps Graphic file (type eps)
<red-bullet-on-white.ps>
File: red-bullet-on-white.ps Graphic file (type eps)
 <red-bullet-on-white.ps>
File: red-bullet-on-white.ps Graphic file (type eps)
 <red-bullet-on-white.ps>
File: red-bullet-on-white.ps Graphic file (type eps)
 <red-bullet-on-white.ps>
File: red-bullet-on-white.ps Graphic file (type eps)

<red-bullet-on-white.ps> [3

]
File: red-bullet-on-white.ps Graphic file (type eps)
 <red-bullet-on-white.ps>
File: red-bullet-on-white.ps Graphic file (type eps)
 <red-bullet-on-white.ps>
File: green-bullet-on-white.ps Graphic file (type eps)
 <green-bullet-on-white.ps>
File: green-bullet-on-white.ps Graphic file (type eps)

<green-bullet-on-white.ps>
File: red-bullet-on-white.ps Graphic file (type eps)
 <red-bullet-on-white.ps>
File: red-bullet-on-white.ps Graphic file (type eps)
 <red-bullet-on-white.ps> [4

]
File: red-bullet-on-white.ps Graphic file (type eps)
 <red-bullet-on-white.ps>
File: red-bullet-on-white.ps Graphic file (type eps)

<red-bullet-on-white.ps>
File: green-bullet-on-white.ps Graphic file (type eps)
 <green-bullet-on-white.ps>
File: red-bullet-on-white.ps Graphic file (type eps)
 <red-bullet-on-white.ps>
File: green-bullet-on-white.ps Graphic file (type eps)
 <green-bullet-on-white.ps>
File: red-bullet-on-white.ps Graphic file (type eps)

<red-bullet-on-white.ps>
File: green-bullet-on-white.ps Graphic file (type eps)
 <green-bullet-on-white.ps>
File: red-bullet-on-white.ps Graphic file (type eps)
 <red-bullet-on-white.ps> [5

]
File: red-bullet-on-white.ps Graphic file (type eps)
 <red-bullet-on-white.ps>
File: green-bullet-on-white.ps Graphic file (type eps)

<green-bullet-on-white.ps>
File: red-bullet-on-white.ps Graphic file (type eps)
 <red-bullet-on-white.ps>
File: red-bullet-on-white.ps Graphic file (type eps)
 <red-bullet-on-white.ps>
LaTeX Font Info:    Font shape `T1/phv/m/it' in size <12.4> not available
(Font)              Font shape `T1/phv/m/sl' tried instead on input line 76.
File: red-bullet-on-white.ps Graphic file (type eps)
 <red-bullet-on-white.ps> [6

]
File: red-bullet-on-white.ps Graphic file (type eps)

<red-bullet-on-white.ps>
File: green-bullet-on-white.ps Graphic file (type eps)
 <green-bullet-on-white.ps>
File: red-bullet-on-white.ps Graphic file (type eps)
 <red-bullet-on-white.ps>
File: green-bullet-on-white.ps Graphic file (type eps)
 <green-bullet-on-white.ps>
File: red-bullet-on-white.ps Graphic file (type eps)

<red-bullet-on-white.ps> [7

]
File: red-bullet-on-white.ps Graphic file (type eps)
 <red-bullet-on-white.ps>
LaTeX Font Info:    Font shape `T1/phv/bx/n' in size <12.4> not available
(Font)              Font shape `T1/phv/b/n' tried instead on input line 99.
File: red-bullet-on-white.ps Graphic file (type eps)
 <red-bullet-on-white.ps>
File: red-bullet-on-white.ps Graphic file (type eps)
 <red-bullet-on-white.ps> [8

]
File: red-bullet-on-white.ps Graphic file (type eps)

<red-bullet-on-white.ps>
LaTeX Font Info:    Font shape `T1/courier/m/n' will be
(Font)              scaled to size 12.21399pt on input line 111.
 [9

]
File: red-bullet-on-white.ps Graphic file (type eps)
 <red-bullet-on-white.ps>
File: red-bullet-on-white.ps Graphic file (type eps)
 <red-bullet-on-white.ps>
File: red-bullet-on-white.ps Graphic file (type eps)
 <red-bullet-on-white.ps>
File: red-bullet-on-white.ps Graphic file (type eps)

<red-bullet-on-white.ps> [10

]
File: red-bullet-on-white.ps Graphic file (type eps)
 <red-bullet-on-white.ps>
LaTeX Font Info:    Font shape `OT1/helvetica/m/n' will be
(Font)              scaled to size 10.16808pt on input line 136.
File: red-bullet-on-white.ps Graphic file (type eps)
 <red-bullet-on-white.ps>
File: red-bullet-on-white.ps Graphic file (type eps)
 <red-bullet-on-white.ps>
File: red-bullet-on-white.ps Graphic file (type eps)

<red-bullet-on-white.ps> [11

]
File: red-bullet-on-white.ps Graphic file (type eps)
 <red-bullet-on-white.ps>
File: red-bullet-on-white.ps Graphic file (type eps)
 <red-bullet-on-white.ps>
File: red-bullet-on-white.ps Graphic file (type eps)
 <red-bullet-on-white.ps>
File: red-bullet-on-white.ps Graphic file (type eps)

<red-bullet-on-white.ps> [12

]
File: red-bullet-on-white.ps Graphic file (type eps)
 <red-bullet-on-white.ps>
File: red-bullet-on-white.ps Graphic file (type eps)
 <red-bullet-on-white.ps>
LaTeX Font Info:    Try loading font information for U+logo on input line 156.
 (C:\texmf\tex\latex\mflogo\ulogo.fd
File: ulogo.fd 1999/03/10 v2.0 LaTeX font defs for Metafont and MetaPost logos
)
File: red-bullet-on-white.ps Graphic file (type eps)

<red-bullet-on-white.ps>
File: red-bullet-on-white.ps Graphic file (type eps)
 <red-bullet-on-white.ps>
File: red-bullet-on-white.ps Graphic file (type eps)
 <red-bullet-on-white.ps>
File: red-bullet-on-white.ps Graphic file (type eps)
 <red-bullet-on-white.ps> [13

]
File: red-bullet-on-white.ps Graphic file (type eps)

<red-bullet-on-white.ps>
File: red-bullet-on-white.ps Graphic file (type eps)
 <red-bullet-on-white.ps>
File: red-bullet-on-white.ps Graphic file (type eps)
 <red-bullet-on-white.ps>
File: green-bullet-on-white.ps Graphic file (type eps)
 <green-bullet-on-white.ps> [14

]
File: red-bullet-on-white.ps Graphic file (type eps)

<red-bullet-on-white.ps>
File: red-bullet-on-white.ps Graphic file (type eps)
 <red-bullet-on-white.ps>
File: green-bullet-on-white.ps Graphic file (type eps)
 <green-bullet-on-white.ps>
File: red-bullet-on-white.ps Graphic file (type eps)
 <red-bullet-on-white.ps>
File: red-bullet-on-white.ps Graphic file (type eps)

<red-bullet-on-white.ps> [15

]
File: red-bullet-on-white.ps Graphic file (type eps)
 <red-bullet-on-white.ps>
File: red-bullet-on-white.ps Graphic file (type eps)
 <red-bullet-on-white.ps>
File: red-bullet-on-white.ps Graphic file (type eps)
 <red-bullet-on-white.ps>
File: red-bullet-on-white.ps Graphic file (type eps)

<red-bullet-on-white.ps>
File: red-bullet-on-white.ps Graphic file (type eps)
 <red-bullet-on-white.ps> [16

] (Intro.aux) ) 
Here is how much of TeX's memory you used:
 5009 strings out of 95898
 60575 string characters out of 1195289
 126956 words of memory out of 1129197
 7579 multiletter control sequences out of 35000
 42912 words of font info for 72 fonts, out of 500000 for 1000
 14 hyphenation exceptions out of 607
 43i,7n,43p,292b,755s stack positions out of 1500i,500n,5000p,200000b,32768s

Output written on Intro.dvi (16 pages, 53392 bytes).
